2011/09/19 23:28:17 [error] [exception.CException] exception 'CException' with message 'Property "EMongoDB.tablePrefix" is not defined.' in /Users/kalado/Sites/animetrigger/framework/base/CComponent.php:131
Stack trace:
#0 /Users/kalado/Sites/animetrigger/app/protected/extensions/YiiMongoDbSuite/gii/mongoModel/MongoModelCode.php(58): CComponent->__get('tablePrefix')
#1 /Users/kalado/Sites/animetrigger/framework/web/CFormModel.php(40): MongoModelCode->init()
#2 /Users/kalado/Sites/animetrigger/framework/gii/CCodeGenerator.php(149): CFormModel->__construct()
#3 /Users/kalado/Sites/animetrigger/framework/gii/CCodeGenerator.php(61): CCodeGenerator->prepare()
#4 /Users/kalado/Sites/animetrigger/framework/web/actions/CInlineAction.php(57): CCodeGenerator->actionIndex()
#5 /Users/kalado/Sites/animetrigger/framework/web/CController.php(300): CInlineAction->run()
#6 /Users/kalado/Sites/animetrigger/framework/web/CController.php(278): CController->runAction(Object(CInlineAction))
#7 /Users/kalado/Sites/animetrigger/framework/web/CController.php(257): CController->runActionWithFilters(Object(CInlineAction), Array)
#8 /Users/kalado/Sites/animetrigger/framework/web/CWebApplication.php(324): CController->run('')
#9 /Users/kalado/Sites/animetrigger/framework/web/CWebApplication.php(121): CWebApplication->runController('gii/mongoModel')
#10 /Users/kalado/Sites/animetrigger/framework/base/CApplication.php(135): CWebApplication->processRequest()
#11 /Users/kalado/Sites/animetrigger/app/index.php(13): CApplication->run()
#12 {main} REQUEST_URI=/animetrigger/app/index.php?r=gii/mongoModel
2011/09/19 23:44:12 [error] [exception.CHttpException.403] exception 'CHttpException' with message 'You are not authorized to perform this action.' in /Users/kalado/Sites/animetrigger/framework/web/auth/CAccessControlFilter.php:153
Stack trace:
#0 /Users/kalado/Sites/animetrigger/framework/web/auth/CAccessControlFilter.php(115): CAccessControlFilter->accessDenied(Object(CWebUser), 'You are not aut...')
#1 /Users/kalado/Sites/animetrigger/framework/web/filters/CFilter.php(39): CAccessControlFilter->preFilter(Object(CFilterChain))
#2 /Users/kalado/Sites/animetrigger/framework/web/CController.php(1084): CFilter->filter(Object(CFilterChain))
#3 /Users/kalado/Sites/animetrigger/framework/web/filters/CInlineFilter.php(59): CController->filterAccessControl(Object(CFilterChain))
#4 /Users/kalado/Sites/animetrigger/framework/web/filters/CFilterChain.php(130): CInlineFilter->filter(Object(CFilterChain))
#5 /Users/kalado/Sites/animetrigger/framework/web/CController.php(283): CFilterChain->run()
#6 /Users/kalado/Sites/animetrigger/framework/web/CController.php(257): CController->runActionWithFilters(Object(CInlineAction), Array)
#7 /Users/kalado/Sites/animetrigger/framework/web/CWebApplication.php(324): CController->run('teste')
#8 /Users/kalado/Sites/animetrigger/framework/web/CWebApplication.php(121): CWebApplication->runController('user/teste')
#9 /Users/kalado/Sites/animetrigger/framework/base/CApplication.php(135): CWebApplication->processRequest()
#10 /Users/kalado/Sites/animetrigger/app/index.php(13): CApplication->run()
#11 {main} REQUEST_URI=/animetrigger/app/index.php?r=user/teste
2011/09/19 23:44:13 [error] [exception.CHttpException.403] exception 'CHttpException' with message 'You are not authorized to perform this action.' in /Users/kalado/Sites/animetrigger/framework/web/auth/CAccessControlFilter.php:153
Stack trace:
#0 /Users/kalado/Sites/animetrigger/framework/web/auth/CAccessControlFilter.php(115): CAccessControlFilter->accessDenied(Object(CWebUser), 'You are not aut...')
#1 /Users/kalado/Sites/animetrigger/framework/web/filters/CFilter.php(39): CAccessControlFilter->preFilter(Object(CFilterChain))
#2 /Users/kalado/Sites/animetrigger/framework/web/CController.php(1084): CFilter->filter(Object(CFilterChain))
#3 /Users/kalado/Sites/animetrigger/framework/web/filters/CInlineFilter.php(59): CController->filterAccessControl(Object(CFilterChain))
#4 /Users/kalado/Sites/animetrigger/framework/web/filters/CFilterChain.php(130): CInlineFilter->filter(Object(CFilterChain))
#5 /Users/kalado/Sites/animetrigger/framework/web/CController.php(283): CFilterChain->run()
#6 /Users/kalado/Sites/animetrigger/framework/web/CController.php(257): CController->runActionWithFilters(Object(CInlineAction), Array)
#7 /Users/kalado/Sites/animetrigger/framework/web/CWebApplication.php(324): CController->run('teste')
#8 /Users/kalado/Sites/animetrigger/framework/web/CWebApplication.php(121): CWebApplication->runController('user/teste')
#9 /Users/kalado/Sites/animetrigger/framework/base/CApplication.php(135): CWebApplication->processRequest()
#10 /Users/kalado/Sites/animetrigger/app/index.php(13): CApplication->run()
#11 {main} REQUEST_URI=/animetrigger/app/index.php?r=user/teste
2011/09/19 23:44:19 [error] [exception.CHttpException.403] exception 'CHttpException' with message 'You are not authorized to perform this action.' in /Users/kalado/Sites/animetrigger/framework/web/auth/CAccessControlFilter.php:153
Stack trace:
#0 /Users/kalado/Sites/animetrigger/framework/web/auth/CAccessControlFilter.php(115): CAccessControlFilter->accessDenied(Object(CWebUser), 'You are not aut...')
#1 /Users/kalado/Sites/animetrigger/framework/web/filters/CFilter.php(39): CAccessControlFilter->preFilter(Object(CFilterChain))
#2 /Users/kalado/Sites/animetrigger/framework/web/CController.php(1084): CFilter->filter(Object(CFilterChain))
#3 /Users/kalado/Sites/animetrigger/framework/web/filters/CInlineFilter.php(59): CController->filterAccessControl(Object(CFilterChain))
#4 /Users/kalado/Sites/animetrigger/framework/web/filters/CFilterChain.php(130): CInlineFilter->filter(Object(CFilterChain))
#5 /Users/kalado/Sites/animetrigger/framework/web/CController.php(283): CFilterChain->run()
#6 /Users/kalado/Sites/animetrigger/framework/web/CController.php(257): CController->runActionWithFilters(Object(CInlineAction), Array)
#7 /Users/kalado/Sites/animetrigger/framework/web/CWebApplication.php(324): CController->run('teste')
#8 /Users/kalado/Sites/animetrigger/framework/web/CWebApplication.php(121): CWebApplication->runController('user/teste')
#9 /Users/kalado/Sites/animetrigger/framework/base/CApplication.php(135): CWebApplication->processRequest()
#10 /Users/kalado/Sites/animetrigger/app/index.php(13): CApplication->run()
#11 {main} REQUEST_URI=/animetrigger/app/index.php?r=user/teste
2011/09/19 23:44:19 [error] [exception.CHttpException.403] exception 'CHttpException' with message 'You are not authorized to perform this action.' in /Users/kalado/Sites/animetrigger/framework/web/auth/CAccessControlFilter.php:153
Stack trace:
#0 /Users/kalado/Sites/animetrigger/framework/web/auth/CAccessControlFilter.php(115): CAccessControlFilter->accessDenied(Object(CWebUser), 'You are not aut...')
#1 /Users/kalado/Sites/animetrigger/framework/web/filters/CFilter.php(39): CAccessControlFilter->preFilter(Object(CFilterChain))
#2 /Users/kalado/Sites/animetrigger/framework/web/CController.php(1084): CFilter->filter(Object(CFilterChain))
#3 /Users/kalado/Sites/animetrigger/framework/web/filters/CInlineFilter.php(59): CController->filterAccessControl(Object(CFilterChain))
#4 /Users/kalado/Sites/animetrigger/framework/web/filters/CFilterChain.php(130): CInlineFilter->filter(Object(CFilterChain))
#5 /Users/kalado/Sites/animetrigger/framework/web/CController.php(283): CFilterChain->run()
#6 /Users/kalado/Sites/animetrigger/framework/web/CController.php(257): CController->runActionWithFilters(Object(CInlineAction), Array)
#7 /Users/kalado/Sites/animetrigger/framework/web/CWebApplication.php(324): CController->run('teste')
#8 /Users/kalado/Sites/animetrigger/framework/web/CWebApplication.php(121): CWebApplication->runController('user/teste')
#9 /Users/kalado/Sites/animetrigger/framework/base/CApplication.php(135): CWebApplication->processRequest()
#10 /Users/kalado/Sites/animetrigger/app/index.php(13): CApplication->run()
#11 {main} REQUEST_URI=/animetrigger/app/index.php?r=user/teste
2011/09/19 23:44:20 [error] [exception.CHttpException.403] exception 'CHttpException' with message 'You are not authorized to perform this action.' in /Users/kalado/Sites/animetrigger/framework/web/auth/CAccessControlFilter.php:153
Stack trace:
#0 /Users/kalado/Sites/animetrigger/framework/web/auth/CAccessControlFilter.php(115): CAccessControlFilter->accessDenied(Object(CWebUser), 'You are not aut...')
#1 /Users/kalado/Sites/animetrigger/framework/web/filters/CFilter.php(39): CAccessControlFilter->preFilter(Object(CFilterChain))
#2 /Users/kalado/Sites/animetrigger/framework/web/CController.php(1084): CFilter->filter(Object(CFilterChain))
#3 /Users/kalado/Sites/animetrigger/framework/web/filters/CInlineFilter.php(59): CController->filterAccessControl(Object(CFilterChain))
#4 /Users/kalado/Sites/animetrigger/framework/web/filters/CFilterChain.php(130): CInlineFilter->filter(Object(CFilterChain))
#5 /Users/kalado/Sites/animetrigger/framework/web/CController.php(283): CFilterChain->run()
#6 /Users/kalado/Sites/animetrigger/framework/web/CController.php(257): CController->runActionWithFilters(Object(CInlineAction), Array)
#7 /Users/kalado/Sites/animetrigger/framework/web/CWebApplication.php(324): CController->run('teste')
#8 /Users/kalado/Sites/animetrigger/framework/web/CWebApplication.php(121): CWebApplication->runController('user/teste')
#9 /Users/kalado/Sites/animetrigger/framework/base/CApplication.php(135): CWebApplication->processRequest()
#10 /Users/kalado/Sites/animetrigger/app/index.php(13): CApplication->run()
#11 {main} REQUEST_URI=/animetrigger/app/index.php?r=user/teste
2011/09/19 23:46:01 [error] [exception.CHttpException.404] exception 'CHttpException' with message 'The system is unable to find the requested action "teste".' in /Users/kalado/Sites/animetrigger/framework/web/CController.php:444
Stack trace:
#0 /Users/kalado/Sites/animetrigger/framework/web/CController.php(262): CController->missingAction('teste')
#1 /Users/kalado/Sites/animetrigger/framework/web/CWebApplication.php(324): CController->run('teste')
#2 /Users/kalado/Sites/animetrigger/framework/web/CWebApplication.php(121): CWebApplication->runController('user/teste')
#3 /Users/kalado/Sites/animetrigger/framework/base/CApplication.php(135): CWebApplication->processRequest()
#4 /Users/kalado/Sites/animetrigger/app/index.php(13): CApplication->run()
#5 {main} REQUEST_URI=/animetrigger/app/index.php?r=user/teste
2011/09/19 23:46:02 [error] [exception.CHttpException.404] exception 'CHttpException' with message 'The system is unable to find the requested action "teste".' in /Users/kalado/Sites/animetrigger/framework/web/CController.php:444
Stack trace:
#0 /Users/kalado/Sites/animetrigger/framework/web/CController.php(262): CController->missingAction('teste')
#1 /Users/kalado/Sites/animetrigger/framework/web/CWebApplication.php(324): CController->run('teste')
#2 /Users/kalado/Sites/animetrigger/framework/web/CWebApplication.php(121): CWebApplication->runController('user/teste')
#3 /Users/kalado/Sites/animetrigger/framework/base/CApplication.php(135): CWebApplication->processRequest()
#4 /Users/kalado/Sites/animetrigger/app/index.php(13): CApplication->run()
#5 {main} REQUEST_URI=/animetrigger/app/index.php?r=user/teste
2011/09/19 23:51:31 [error] [exception.CException] exception 'CException' with message 'Property "EMongoDocumentDataProvider.getAttributeLabel" is not defined.' in /Users/kalado/Sites/animetrigger/framework/base/CComponent.php:131
Stack trace:
#0 /Users/kalado/Sites/animetrigger/framework/base/CComponent.php(264): CComponent->__get('getAttributeLab...')
#1 /Users/kalado/Sites/animetrigger/framework/web/helpers/CHtml.php(1138): CComponent->__call('getAttributeLab...', Array)
#2 /Users/kalado/Sites/animetrigger/framework/web/helpers/CHtml.php(1138): EMongoDocumentDataProvider->getAttributeLabel('login')
#3 /Users/kalado/Sites/animetrigger/framework/web/widgets/CActiveForm.php(449): CHtml::activeLabel(Object(EMongoDocumentDataProvider), 'login', Array)
#4 /Users/kalado/Sites/animetrigger/app/protected/views/user/_search.php(9): CActiveForm->label(Object(EMongoDocumentDataProvider), 'login')
#5 /Users/kalado/Sites/animetrigger/framework/web/CBaseController.php(119): require('/Users/kalado/S...')
#6 /Users/kalado/Sites/animetrigger/framework/web/CBaseController.php(88): CBaseController->renderInternal('/Users/kalado/S...', Array, true)
#7 /Users/kalado/Sites/animetrigger/framework/web/CController.php(833): CBaseController->renderFile('/Users/kalado/S...', Array, true)
#8 /Users/kalado/Sites/animetrigger/app/protected/views/user/admin.php(38): CController->renderPartial('_search', Array)
#9 /Users/kalado/Sites/animetrigger/framework/web/CBaseController.php(119): require('/Users/kalado/S...')
#10 /Users/kalado/Sites/animetrigger/framework/web/CBaseController.php(88): CBaseController->renderInternal('/Users/kalado/S...', Array, true)
#11 /Users/kalado/Sites/animetrigger/framework/web/CController.php(833): CBaseController->renderFile('/Users/kalado/S...', Array, true)
#12 /Users/kalado/Sites/animetrigger/framework/web/CController.php(746): CController->renderPartial('admin', Array, true)
#13 /Users/kalado/Sites/animetrigger/app/protected/controllers/UserController.php(148): CController->render('admin', Array)
#14 /Users/kalado/Sites/animetrigger/framework/web/actions/CInlineAction.php(57): UserController->actionAdmin()
#15 /Users/kalado/Sites/animetrigger/framework/web/CController.php(300): CInlineAction->run()
#16 /Users/kalado/Sites/animetrigger/framework/web/filters/CFilterChain.php(133): CController->runAction(Object(CInlineAction))
#17 /Users/kalado/Sites/animetrigger/framework/web/filters/CFilter.php(41): CFilterChain->run()
#18 /Users/kalado/Sites/animetrigger/framework/web/CController.php(1084): CFilter->filter(Object(CFilterChain))
#19 /Users/kalado/Sites/animetrigger/framework/web/filters/CInlineFilter.php(59): CController->filterAccessControl(Object(CFilterChain))
#20 /Users/kalado/Sites/animetrigger/framework/web/filters/CFilterChain.php(130): CInlineFilter->filter(Object(CFilterChain))
#21 /Users/kalado/Sites/animetrigger/framework/web/CController.php(283): CFilterChain->run()
#22 /Users/kalado/Sites/animetrigger/framework/web/CController.php(257): CController->runActionWithFilters(Object(CInlineAction), Array)
#23 /Users/kalado/Sites/animetrigger/framework/web/CWebApplication.php(324): CController->run('admin')
#24 /Users/kalado/Sites/animetrigger/framework/web/CWebApplication.php(121): CWebApplication->runController('user/admin')
#25 /Users/kalado/Sites/animetrigger/framework/base/CApplication.php(135): CWebApplication->processRequest()
#26 /Users/kalado/Sites/animetrigger/app/index.php(13): CApplication->run()
#27 {main} REQUEST_URI=/animetrigger/app/index.php?r=user/admin
2011/09/19 23:59:48 [warning] [application] Failed to set unsafe attribute "_id".
in /Users/kalado/Sites/animetrigger/app/protected/extensions/YiiMongoDbSuite/EMongoDocument.php (371)
in /Users/kalado/Sites/animetrigger/app/protected/controllers/UserController.php (145)
in /Users/kalado/Sites/animetrigger/app/index.php (13)
2011/09/19 23:59:53 [warning] [application] Failed to set unsafe attribute "_id".
in /Users/kalado/Sites/animetrigger/app/protected/extensions/YiiMongoDbSuite/EMongoDocument.php (371)
in /Users/kalado/Sites/animetrigger/app/protected/controllers/UserController.php (145)
in /Users/kalado/Sites/animetrigger/app/index.php (13)
2011/09/19 23:59:58 [warning] [application] Failed to set unsafe attribute "_id".
in /Users/kalado/Sites/animetrigger/app/protected/extensions/YiiMongoDbSuite/EMongoDocument.php (371)
in /Users/kalado/Sites/animetrigger/app/protected/controllers/UserController.php (145)
in /Users/kalado/Sites/animetrigger/app/index.php (13)
2011/09/20 00:00:01 [warning] [application] Failed to set unsafe attribute "_id".
in /Users/kalado/Sites/animetrigger/app/protected/extensions/YiiMongoDbSuite/EMongoDocument.php (371)
in /Users/kalado/Sites/animetrigger/app/protected/controllers/UserController.php (145)
in /Users/kalado/Sites/animetrigger/app/index.php (13)
2011/09/20 08:13:41 [warning] [application] Failed to set unsafe attribute "_id".
in /Users/kalado/Sites/animetrigger/app/protected/extensions/YiiMongoDbSuite/EMongoDocument.php (371)
in /Users/kalado/Sites/animetrigger/app/protected/controllers/UserController.php (145)
in /Users/kalado/Sites/animetrigger/app/index.php (13)
2011/09/20 08:13:46 [warning] [application] Failed to set unsafe attribute "_id".
in /Users/kalado/Sites/animetrigger/app/protected/extensions/YiiMongoDbSuite/EMongoDocument.php (371)
in /Users/kalado/Sites/animetrigger/app/protected/controllers/UserController.php (145)
in /Users/kalado/Sites/animetrigger/app/index.php (13)
2011/09/20 08:13:49 [warning] [application] Failed to set unsafe attribute "_id".
in /Users/kalado/Sites/animetrigger/app/protected/extensions/YiiMongoDbSuite/EMongoDocument.php (371)
in /Users/kalado/Sites/animetrigger/app/protected/controllers/UserController.php (145)
in /Users/kalado/Sites/animetrigger/app/index.php (13)
2011/09/20 08:13:50 [warning] [application] Failed to set unsafe attribute "_id".
in /Users/kalado/Sites/animetrigger/app/protected/extensions/YiiMongoDbSuite/EMongoDocument.php (371)
in /Users/kalado/Sites/animetrigger/app/protected/controllers/UserController.php (145)
in /Users/kalado/Sites/animetrigger/app/index.php (13)
2011/09/20 08:13:52 [warning] [application] Failed to set unsafe attribute "_id".
in /Users/kalado/Sites/animetrigger/app/protected/extensions/YiiMongoDbSuite/EMongoDocument.php (371)
in /Users/kalado/Sites/animetrigger/app/protected/controllers/UserController.php (145)
in /Users/kalado/Sites/animetrigger/app/index.php (13)
2011/09/20 08:14:06 [warning] [application] Failed to set unsafe attribute "_id".
in /Users/kalado/Sites/animetrigger/app/protected/extensions/YiiMongoDbSuite/EMongoDocument.php (371)
in /Users/kalado/Sites/animetrigger/app/protected/controllers/UserController.php (145)
in /Users/kalado/Sites/animetrigger/app/index.php (13)
2011/09/20 08:14:10 [warning] [application] Failed to set unsafe attribute "_id".
in /Users/kalado/Sites/animetrigger/app/protected/extensions/YiiMongoDbSuite/EMongoDocument.php (371)
in /Users/kalado/Sites/animetrigger/app/protected/controllers/UserController.php (145)
in /Users/kalado/Sites/animetrigger/app/index.php (13)
2011/09/20 08:14:14 [warning] [application] Failed to set unsafe attribute "_id".
in /Users/kalado/Sites/animetrigger/app/protected/extensions/YiiMongoDbSuite/EMongoDocument.php (371)
in /Users/kalado/Sites/animetrigger/app/protected/controllers/UserController.php (145)
in /Users/kalado/Sites/animetrigger/app/index.php (13)
2011/09/20 08:14:17 [warning] [application] Failed to set unsafe attribute "_id".
in /Users/kalado/Sites/animetrigger/app/protected/extensions/YiiMongoDbSuite/EMongoDocument.php (371)
in /Users/kalado/Sites/animetrigger/app/protected/controllers/UserController.php (145)
in /Users/kalado/Sites/animetrigger/app/index.php (13)
2011/09/20 09:22:04 [error] [exception.CDbException] exception 'CDbException' with message 'CDbConnection.connectionString cannot be empty.' in /Users/kalado/Sites/animetrigger/framework/db/CDbConnection.php:257
Stack trace:
#0 /Users/kalado/Sites/animetrigger/framework/db/CDbConnection.php(242): CDbConnection->open()
#1 /Users/kalado/Sites/animetrigger/framework/db/CDbConnection.php(221): CDbConnection->setActive(true)
#2 /Users/kalado/Sites/animetrigger/framework/base/CModule.php(372): CDbConnection->init()
#3 /Users/kalado/Sites/animetrigger/framework/base/CModule.php(86): CModule->getComponent('db')
#4 /Users/kalado/Sites/animetrigger/app/protected/extensions/YiiMongoDbSuite/gii/mongoModel/MongoModelCode.php(56): CModule->__get('db')
#5 /Users/kalado/Sites/animetrigger/framework/web/CFormModel.php(40): MongoModelCode->init()
#6 /Users/kalado/Sites/animetrigger/framework/gii/CCodeGenerator.php(149): CFormModel->__construct()
#7 /Users/kalado/Sites/animetrigger/framework/gii/CCodeGenerator.php(61): CCodeGenerator->prepare()
#8 /Users/kalado/Sites/animetrigger/framework/web/actions/CInlineAction.php(57): CCodeGenerator->actionIndex()
#9 /Users/kalado/Sites/animetrigger/framework/web/CController.php(300): CInlineAction->run()
#10 /Users/kalado/Sites/animetrigger/framework/web/CController.php(278): CController->runAction(Object(CInlineAction))
#11 /Users/kalado/Sites/animetrigger/framework/web/CController.php(257): CController->runActionWithFilters(Object(CInlineAction), Array)
#12 /Users/kalado/Sites/animetrigger/framework/web/CWebApplication.php(324): CController->run('')
#13 /Users/kalado/Sites/animetrigger/framework/web/CWebApplication.php(121): CWebApplication->runController('gii/mongoModel')
#14 /Users/kalado/Sites/animetrigger/framework/base/CApplication.php(135): CWebApplication->processRequest()
#15 /Users/kalado/Sites/animetrigger/app/index.php(13): CApplication->run()
#16 {main} REQUEST_URI=/animetrigger/app/index.php?r=gii/mongoModel
2011/09/20 11:07:12 [error] [exception.CDbException] exception 'CDbException' with message 'CDbConnection.connectionString cannot be empty.' in /Users/kalado/Sites/animetrigger/framework/db/CDbConnection.php:257
Stack trace:
#0 /Users/kalado/Sites/animetrigger/framework/db/CDbConnection.php(242): CDbConnection->open()
#1 /Users/kalado/Sites/animetrigger/framework/db/CDbConnection.php(221): CDbConnection->setActive(true)
#2 /Users/kalado/Sites/animetrigger/framework/base/CModule.php(372): CDbConnection->init()
#3 /Users/kalado/Sites/animetrigger/framework/base/CModule.php(86): CModule->getComponent('db')
#4 /Users/kalado/Sites/animetrigger/app/protected/extensions/YiiMongoDbSuite/gii/mongoModel/MongoModelCode.php(56): CModule->__get('db')
#5 /Users/kalado/Sites/animetrigger/framework/web/CFormModel.php(40): MongoModelCode->init()
#6 /Users/kalado/Sites/animetrigger/framework/gii/CCodeGenerator.php(149): CFormModel->__construct()
#7 /Users/kalado/Sites/animetrigger/framework/gii/CCodeGenerator.php(61): CCodeGenerator->prepare()
#8 /Users/kalado/Sites/animetrigger/framework/web/actions/CInlineAction.php(57): CCodeGenerator->actionIndex()
#9 /Users/kalado/Sites/animetrigger/framework/web/CController.php(300): CInlineAction->run()
#10 /Users/kalado/Sites/animetrigger/framework/web/CController.php(278): CController->runAction(Object(CInlineAction))
#11 /Users/kalado/Sites/animetrigger/framework/web/CController.php(257): CController->runActionWithFilters(Object(CInlineAction), Array)
#12 /Users/kalado/Sites/animetrigger/framework/web/CWebApplication.php(324): CController->run('')
#13 /Users/kalado/Sites/animetrigger/framework/web/CWebApplication.php(121): CWebApplication->runController('gii/mongoModel')
#14 /Users/kalado/Sites/animetrigger/framework/base/CApplication.php(135): CWebApplication->processRequest()
#15 /Users/kalado/Sites/animetrigger/app/index.php(13): CApplication->run()
#16 {main} REQUEST_URI=/animetrigger/app/index.php?r=gii/mongoModel
